This is pdfTeX, Version 3.141592653-2.6-1.40.23 (TeX Live 2021/W32TeX) (preloaded format=pdflatex 2021.7.8)  15 AUG 2021 00:59
entering extended mode
 restricted \write18 enabled.
 %&-line parsing enabled.
**ResearchPaper.tex
(./ResearchPaper.tex
LaTeX2e <2021-06-01> patch level 1
L3 programming layer <2021-06-18>

! LaTeX Error: File `acm_proc_article-sp.cls' not found.

Type X to quit or <RETURN> to proceed,
or enter new name. (Default extension: cls)

Enter file name: 
! Emergency stop.
<read *> 
         
l.2 \usepackage
               [utf8]{inputenc}^^M 
Here is how much of TeX's memory you used:
 23 strings out of 480477
 561 string characters out of 5897329
 289302 words of memory out of 5000000
 17832 multiletter control sequences out of 15000+600000
 403430 words of font info for 27 fonts, out of 8000000 for 9000
 14 hyphenation exceptions out of 8191
 19i,0n,29p,84b,17s stack positions out of 5000i,500n,10000p,200000b,80000s

!  ==> Fatal error occurred, no output PDF file produced!
